--------------------------------------------------
Weather Arbitrage Autonomous AI Agent v2.0 (High Velocity)
Mode: PAPER TRADING
--------------------------------------------------
[INIT] Starting Reliability Backtest...

[RELIABILITY] Starting Historical Forecast Backtest Loop...
 -> Found 4398 forecasts awaiting resolution.
[RELIABILITY] Resolving Paper Trades...
 -> Found 4 unresolved paper trades.
[RELIABILITY] Backtest cycle complete. Resolved 0 forecasts.
[INIT] Reliability Backtest complete.
[INIT] Starting main loop...
[LOOP] Checking scheduled tasks at 18:22:22...
[LOOP] Invoking run_agent_loop...

============================================================
AUTONOMOUS CYCLE START (v2.0): 2026-05-02 18:22:22
============================================================

[RESEARCHER] Fetching active weather markets, balance, and source rules...
 -> Paper Bankroll: $32.50 USDC
 -> Found 14 markets. Scanned rules for station IDs.
[ANALYST] Running weighted ensemble models and Bayesian updates...
 -> [PROTECT] Skipping 2071161: Resolution too close (-15.4h). Avoiding leakage.
 -> [PROTECT] Skipping 2071163: Resolution too close (-15.4h). Avoiding leakage.
 -> [PROTECT] Skipping 2071165: Resolution too close (-15.4h). Avoiding leakage.
 -> [PROTECT] Skipping 2071160: Resolution too close (-15.4h). Avoiding leakage.
 -> [PROTECT] Skipping 2071162: Resolution too close (-15.4h). Avoiding leakage.
 -> [PROTECT] Skipping 2071164: Resolution too close (-15.4h). Avoiding leakage.
 -> [PROTECT] Skipping 2071166: Resolution too close (-15.4h). Avoiding leakage.
 -> Market: 2126654 | Post: 1.00 | Mkt: 0.31 | Edge: +0.69
 -> Market: 2126656 | Post: 1.00 | Mkt: 0.15 | Edge: +0.84
 -> Market: 2126658 | Post: 1.00 | Mkt: 0.23 | Edge: +0.78
 -> Market: 2126653 | Post: 1.00 | Mkt: 0.55 | Edge: +0.45
 -> Market: 2126655 | Post: 1.00 | Mkt: 0.23 | Edge: +0.77
 -> Market: 2126657 | Post: 1.00 | Mkt: 0.22 | Edge: +0.78
 -> Market: 2126659 | Post: 1.00 | Mkt: 0.15 | Edge: +0.84
[DECISION] Running EV filtering, Kelly sizing, and Early Exit check...
[RISK GUARDIAN] Enforcing VPIN kill switch and exposure caps...
 -> [WARN] Could not parse resolution_time: unconverted data remains:  00:00:00
[EXECUTOR] Executing maker-only limit orders...
 - Supervisor: Cycle initialized at 2026-05-02 18:22:22.
 - Researcher: 14 markets. Bankroll: $32.5. In-Flight: $17.5.
 - Analyst: Refined 7 probabilities.
 - Decision: 0 trades/exits.
 - RiskGuardian: Checks complete. Flags: []
 - Executor: 0 maker orders dispatched.
[LOOP] run_agent_loop finished. System paused: False
